Build started 12/1/2014 1:05:38 AM.
     1>Project "C:\Users\Jordan\Documents\School\graphics\assmt5.cpp\assmt5.cpp\assmt5.cpp.vcxproj" on node 2 (Build target(s)).
     1>ClCompile:
         C:\Program Files (x86)\Microsoft Visual Studio 12.0\VC\bin\CL.exe /c /I"C:\Users\Jordan\Documents\School\graphics\cs432Windows\glew-1.7.0\include" /IC:\Users\Jordan\Documents\School\graphics\cs432Windows\freeglut\include /ZI /nologo /W3 /WX- /sdl /Od /Oy- /D _MBCS /Gm /EHsc /RTC1 /MDd /GS /fp:precise /Zc:wchar_t /Zc:forScope /Fo"Debug\\" /Fd"Debug\vc120.pdb" /Gd /TP /analyze- /errorReport:prompt main.cpp
         main.cpp
     1>c:\users\jordan\documents\school\graphics\assmt5.cpp\assmt5.cpp\cs432.h(71): warning C4305: 'initializing' : truncation from 'double' to 'const GLfloat'
     1>c:\users\jordan\documents\school\graphics\assmt5.cpp\assmt5.cpp\mat.h(397): warning C4244: 'initializing' : conversion from 'double' to 'GLfloat', possible loss of data
     1>c:\users\jordan\documents\school\graphics\assmt5.cpp\assmt5.cpp\mat.h(409): warning C4244: 'initializing' : conversion from 'double' to 'GLfloat', possible loss of data
     1>c:\users\jordan\documents\school\graphics\assmt5.cpp\assmt5.cpp\mat.h(421): warning C4244: 'initializing' : conversion from 'double' to 'GLfloat', possible loss of data
     1>c:\users\jordan\documents\school\graphics\assmt5.cpp\assmt5.cpp\mat.h(495): warning C4244: '=' : conversion from 'double' to 'GLfloat', possible loss of data
     1>c:\users\jordan\documents\school\graphics\assmt5.cpp\assmt5.cpp\mat.h(496): warning C4244: '=' : conversion from 'double' to 'GLfloat', possible loss of data
     1>c:\users\jordan\documents\school\graphics\assmt5.cpp\assmt5.cpp\mat.h(497): warning C4244: '=' : conversion from 'double' to 'GLfloat', possible loss of data
     1>c:\users\jordan\documents\school\graphics\assmt5.cpp\assmt5.cpp\mat.h(518): warning C4244: '=' : conversion from 'double' to 'GLfloat', possible loss of data
     1>c:\users\jordan\documents\school\graphics\assmt5.cpp\assmt5.cpp\mat.h(520): warning C4244: '=' : conversion from 'double' to 'GLfloat', possible loss of data
     1>c:\users\jordan\documents\school\graphics\assmt5.cpp\assmt5.cpp\mat.h(523): warning C4244: '=' : conversion from 'double' to 'GLfloat', possible loss of data
     1>c:\users\jordan\documents\school\graphics\assmt5.cpp\assmt5.cpp\mat.h(533): warning C4244: 'initializing' : conversion from 'double' to 'GLfloat', possible loss of data
     1>c:\users\jordan\documents\school\graphics\assmt5.cpp\assmt5.cpp\mat.h(540): warning C4244: '=' : conversion from 'double' to 'GLfloat', possible loss of data
     1>c:\users\jordan\documents\school\graphics\assmt5.cpp\assmt5.cpp\main.cpp(56): warning C4305: 'argument' : truncation from 'double' to 'GLfloat'
     1>c:\users\jordan\documents\school\graphics\assmt5.cpp\assmt5.cpp\main.cpp(64): warning C4305: 'argument' : truncation from 'double' to 'GLfloat'
     1>c:\users\jordan\documents\school\graphics\assmt5.cpp\assmt5.cpp\main.cpp(132): warning C4305: 'argument' : truncation from 'double' to 'const GLfloat'
     1>c:\users\jordan\documents\school\graphics\assmt5.cpp\assmt5.cpp\main.cpp(142): warning C4305: 'argument' : truncation from 'double' to 'const GLfloat'
     1>c:\users\jordan\documents\school\graphics\assmt5.cpp\assmt5.cpp\main.cpp(472): warning C4244: 'argument' : conversion from 'double' to 'GLint', possible loss of data
     1>c:\users\jordan\documents\school\graphics\assmt5.cpp\assmt5.cpp\main.cpp(476): warning C4244: 'argument' : conversion from 'double' to 'GLint', possible loss of data
     1>c:\users\jordan\documents\school\graphics\assmt5.cpp\assmt5.cpp\main.cpp(491): warning C4305: '-=' : truncation from 'double' to 'GLfloat'
     1>c:\users\jordan\documents\school\graphics\assmt5.cpp\assmt5.cpp\main.cpp(494): warning C4305: '+=' : truncation from 'double' to 'GLfloat'
     1>c:\users\jordan\documents\school\graphics\assmt5.cpp\assmt5.cpp\main.cpp(498): warning C4244: '-=' : conversion from 'double' to 'GLfloat', possible loss of data
     1>c:\users\jordan\documents\school\graphics\assmt5.cpp\assmt5.cpp\main.cpp(499): warning C4244: '-=' : conversion from 'double' to 'GLfloat', possible loss of data
     1>c:\users\jordan\documents\school\graphics\assmt5.cpp\assmt5.cpp\main.cpp(501): warning C4244: '=' : conversion from 'double' to 'GLfloat', possible loss of data
     1>c:\users\jordan\documents\school\graphics\assmt5.cpp\assmt5.cpp\main.cpp(504): warning C4305: '+=' : truncation from 'double' to 'GLfloat'
     1>c:\users\jordan\documents\school\graphics\assmt5.cpp\assmt5.cpp\main.cpp(505): warning C4244: '=' : conversion from 'double' to 'GLfloat', possible loss of data
     1>c:\users\jordan\documents\school\graphics\assmt5.cpp\assmt5.cpp\main.cpp(508): warning C4305: '-=' : truncation from 'double' to 'GLfloat'
     1>c:\users\jordan\documents\school\graphics\assmt5.cpp\assmt5.cpp\main.cpp(509): warning C4244: '=' : conversion from 'double' to 'GLfloat', possible loss of data
     1>c:\users\jordan\documents\school\graphics\assmt5.cpp\assmt5.cpp\main.cpp(552): warning C4154: deletion of an array expression; conversion to pointer supplied
       Link:
         C:\Program Files (x86)\Microsoft Visual Studio 12.0\VC\bin\link.exe /ERRORREPORT:PROMPT /OUT:"C:\Users\Jordan\Documents\School\graphics\assmt5.cpp\Debug\assmt5.cpp.exe" /INCREMENTAL /NOLOGO /LIBPATH:"C:\Users\Jordan\Documents\School\graphics\cs432Windows\glew-1.7.0\lib" /LIBPATH:C:\Users\Jordan\Documents\School\graphics\cs432Windows\freeglut\lib freeglut.lib glew32.lib kernel32.lib user32.lib gdi32.lib winspool.lib comdlg32.lib advapi32.lib shell32.lib ole32.lib oleaut32.lib uuid.lib odbc32.lib odbccp32.lib /MANIFEST /MANIFESTUAC:"level='asInvoker' uiAccess='false'" /manifest:embed /DEBUG /PDB:"C:\Users\Jordan\Documents\School\graphics\assmt5.cpp\Debug\assmt5.cpp.pdb" /TLBID:1 /DYNAMICBASE /NXCOMPAT /IMPLIB:"C:\Users\Jordan\Documents\School\graphics\assmt5.cpp\Debug\assmt5.cpp.lib" /MACHINE:X86 Debug\cs432.obj
         Debug\main.obj
         Debug\mat.obj
         Debug\matStack.obj
         Debug\objParse.obj
         Debug\picking.obj
         Debug\ppm.obj
         Debug\sphere.obj
         Debug\vec.obj
         assmt5.cpp.vcxproj -> C:\Users\Jordan\Documents\School\graphics\assmt5.cpp\Debug\assmt5.cpp.exe
     1>Done Building Project "C:\Users\Jordan\Documents\School\graphics\assmt5.cpp\assmt5.cpp\assmt5.cpp.vcxproj" (Build target(s)).

Build succeeded.

Time Elapsed 00:00:01.17
